Watching for file changes with StatReloader
"GET /prefix HTTP/1.1" 301 0
"GET /prefix/ HTTP/1.1" 200 13
Not Found: /about
"GET /about HTTP/1.1" 404 2202
F:\Django_projects\Django_lessons\myproject\myproject\settings.py changed, reloading.
Watching for file changes with StatReloader
"GET /prefix/ HTTP/1.1" 200 13
F:\Django_projects\Django_lessons\myproject\myproject\settings.py changed, reloading.
Watching for file changes with StatReloader
"GET /prefix/ HTTP/1.1" 200 13
Not Found: /about
"GET /about HTTP/1.1" 404 2202
"GET /prefix/ HTTP/1.1" 200 13
F:\Django_projects\Django_lessons\myproject\myproject\settings.py changed, reloading.
INFO 2023-10-20 17:49:46,496 autoreload 20728 20668 Watching for file changes with StatReloader
INFO 2023-10-20 17:50:05,244 basehttp 20728 11560 "GET /prefix/ HTTP/1.1" 200 13
WARNING 2023-10-20 17:50:07,661 log 20728 11560 Not Found: /about
WARNING 2023-10-20 17:50:07,662 basehttp 20728 11560 "GET /about HTTP/1.1" 404 2202
INFO 2023-10-20 17:50:09,018 basehttp 20728 11560 "GET /prefix/ HTTP/1.1" 200 13
INFO 2023-10-20 17:57:13,980 autoreload 19096 2984 Watching for file changes with StatReloader
INFO 2023-10-20 17:59:05,894 autoreload 1404 10920 Watching for file changes with StatReloader
INFO 2023-10-20 18:01:29,321 autoreload 17116 3040 Watching for file changes with StatReloader
INFO 2023-10-20 18:04:01,606 autoreload 5076 13196 Watching for file changes with StatReloader
INFO 2023-10-20 18:04:20,688 autoreload 20224 20108 Watching for file changes with StatReloader
INFO 2023-10-20 18:04:56,748 autoreload 15588 1912 Watching for file changes with StatReloader
INFO 2023-10-20 18:05:08,975 basehttp 15588 2848 "GET /prefix/ HTTP/1.1" 200 13
WARNING 2023-10-20 18:05:13,355 log 15588 2848 Not Found: /about
WARNING 2023-10-20 18:05:13,356 basehttp 15588 2848 "GET /about HTTP/1.1" 404 2202
INFO 2023-10-20 18:05:15,236 basehttp 15588 2848 "GET /prefix/ HTTP/1.1" 200 13
INFO 2023-10-20 18:05:30,354 autoreload 4284 10116 Watching for file changes with StatReloader
INFO 2023-10-20 18:06:26,861 autoreload 7096 7864 Watching for file changes with StatReloader
INFO 2023-10-20 19:43:33,919 autoreload 12832 7368 Watching for file changes with StatReloader
INFO 2023-10-20 19:43:54,952 basehttp 12832 2528 "GET /les3/hello HTTP/1.1" 301 0
INFO 2023-10-20 19:43:54,964 basehttp 12832 18636 "GET /les3/hello/ HTTP/1.1" 200 26
INFO 2023-10-20 19:44:00,407 basehttp 12832 18636 "GET /les3/hello2/ HTTP/1.1" 200 23
INFO 2023-10-20 19:46:20,361 autoreload 12832 7368 F:\Django_projects\Django_lessons\myproject\myapp3\urls.py changed, reloading.
INFO 2023-10-20 19:46:20,952 autoreload 11280 1632 Watching for file changes with StatReloader
INFO 2023-10-20 19:46:31,433 autoreload 11280 1632 F:\Django_projects\Django_lessons\myproject\myapp3\urls.py changed, reloading.
INFO 2023-10-20 19:46:31,883 autoreload 18116 13136 Watching for file changes with StatReloader
INFO 2023-10-20 19:46:41,364 autoreload 18116 13136 F:\Django_projects\Django_lessons\myproject\myapp3\urls.py changed, reloading.
INFO 2023-10-20 19:46:41,811 autoreload 13640 15412 Watching for file changes with StatReloader
INFO 2023-10-20 19:47:06,493 autoreload 13640 15412 F:\Django_projects\Django_lessons\myproject\myapp3\urls.py changed, reloading.
INFO 2023-10-20 19:47:06,906 autoreload 13936 10660 Watching for file changes with StatReloader
INFO 2023-10-20 19:47:36,735 autoreload 13936 10660 F:\Django_projects\Django_lessons\myproject\myapp3\urls.py changed, reloading.
INFO 2023-10-20 19:47:37,168 autoreload 20524 11060 Watching for file changes with StatReloader
INFO 2023-10-20 19:47:50,631 autoreload 20524 11060 F:\Django_projects\Django_lessons\myproject\myapp3\urls.py changed, reloading.
INFO 2023-10-20 19:47:51,059 autoreload 14076 17608 Watching for file changes with StatReloader
INFO 2023-10-20 19:51:06,331 autoreload 14076 17608 F:\Django_projects\Django_lessons\myproject\myapp3\views.py changed, reloading.
INFO 2023-10-20 19:51:06,777 autoreload 9540 8604 Watching for file changes with StatReloader
INFO 2023-10-20 19:51:13,010 autoreload 9540 8604 F:\Django_projects\Django_lessons\myproject\myapp3\views.py changed, reloading.
INFO 2023-10-20 19:51:13,446 autoreload 15592 19848 Watching for file changes with StatReloader
INFO 2023-10-20 19:51:50,150 autoreload 15592 19848 F:\Django_projects\Django_lessons\myproject\myapp3\views.py changed, reloading.
INFO 2023-10-20 19:51:50,593 autoreload 1776 1760 Watching for file changes with StatReloader
INFO 2023-10-20 19:52:02,925 autoreload 1776 1760 F:\Django_projects\Django_lessons\myproject\myapp3\views.py changed, reloading.
INFO 2023-10-20 19:52:03,362 autoreload 10932 13316 Watching for file changes with StatReloader
INFO 2023-10-20 19:52:22,796 autoreload 10932 13316 F:\Django_projects\Django_lessons\myproject\myapp3\views.py changed, reloading.
INFO 2023-10-20 19:52:23,230 autoreload 18788 5100 Watching for file changes with StatReloader
INFO 2023-10-20 19:52:41,657 autoreload 18788 5100 F:\Django_projects\Django_lessons\myproject\myapp3\views.py changed, reloading.
INFO 2023-10-20 19:52:42,140 autoreload 13748 1468 Watching for file changes with StatReloader
INFO 2023-10-20 19:54:13,705 autoreload 13748 1468 F:\Django_projects\Django_lessons\myproject\myapp3\views.py changed, reloading.
INFO 2023-10-20 19:54:14,185 autoreload 1920 14100 Watching for file changes with StatReloader
INFO 2023-10-20 19:54:19,411 autoreload 1920 14100 F:\Django_projects\Django_lessons\myproject\myapp3\views.py changed, reloading.
INFO 2023-10-20 19:54:19,865 autoreload 7928 10372 Watching for file changes with StatReloader
INFO 2023-10-20 19:54:26,112 autoreload 7928 10372 F:\Django_projects\Django_lessons\myproject\myapp3\views.py changed, reloading.
INFO 2023-10-20 19:54:26,566 autoreload 12048 2916 Watching for file changes with StatReloader
INFO 2023-10-20 19:54:35,863 autoreload 12048 2916 F:\Django_projects\Django_lessons\myproject\myapp3\views.py changed, reloading.
INFO 2023-10-20 19:54:36,301 autoreload 15004 2524 Watching for file changes with StatReloader
INFO 2023-10-20 19:55:02,869 autoreload 15004 2524 F:\Django_projects\Django_lessons\myproject\myapp3\views.py changed, reloading.
INFO 2023-10-20 19:55:03,304 autoreload 8440 9360 Watching for file changes with StatReloader
INFO 2023-10-20 19:55:11,758 autoreload 8440 9360 F:\Django_projects\Django_lessons\myproject\myapp3\views.py changed, reloading.
INFO 2023-10-20 19:55:12,207 autoreload 19396 7096 Watching for file changes with StatReloader
INFO 2023-10-20 19:55:40,331 basehttp 19396 16364 "GET /les3/posts/2022/6 HTTP/1.1" 301 0
INFO 2023-10-20 19:55:40,344 basehttp 19396 11496 "GET /les3/posts/2022/6/ HTTP/1.1" 200 27
WARNING 2023-10-20 19:56:53,649 log 19396 11496 Not Found: /
WARNING 2023-10-20 19:56:53,649 basehttp 19396 11496 "GET / HTTP/1.1" 404 2274
WARNING 2023-10-20 19:57:04,532 log 19396 11496 Not Found: /les3
WARNING 2023-10-20 19:57:04,532 basehttp 19396 11496 "GET /les3 HTTP/1.1" 404 2304
WARNING 2023-10-20 19:57:25,545 log 19396 11496 Not Found: /les3/posts
WARNING 2023-10-20 19:57:25,545 basehttp 19396 11496 "GET /les3/posts HTTP/1.1" 404 3199
INFO 2023-10-20 19:57:35,652 basehttp 19396 11496 "GET /les3/posts/2022 HTTP/1.1" 301 0
INFO 2023-10-20 19:57:35,657 basehttp 19396 20660 "GET /les3/posts/2022/ HTTP/1.1" 200 19
INFO 2023-10-20 19:57:40,335 basehttp 19396 20660 "GET /les3/posts/2022/6/ HTTP/1.1" 200 27
INFO 2023-10-20 19:58:15,955 autoreload 19396 7096 F:\Django_projects\Django_lessons\myproject\myapp3\views.py changed, reloading.
INFO 2023-10-20 19:58:16,408 autoreload 18696 10932 Watching for file changes with StatReloader
INFO 2023-10-20 19:59:15,760 autoreload 18696 10932 F:\Django_projects\Django_lessons\myproject\myapp3\views.py changed, reloading.
INFO 2023-10-20 19:59:16,186 autoreload 9656 10004 Watching for file changes with StatReloader
INFO 2023-10-20 19:59:28,244 basehttp 9656 13272 "GET /les3/posts/2022/6/ HTTP/1.1" 200 21
INFO 2023-10-20 19:59:33,563 basehttp 9656 13272 "GET /les3/posts/2022/6/jsfnvkl HTTP/1.1" 301 0
INFO 2023-10-20 19:59:33,569 basehttp 9656 4176 "GET /les3/posts/2022/6/jsfnvkl/ HTTP/1.1" 200 361
INFO 2023-10-20 20:01:58,631 autoreload 9656 10004 F:\Django_projects\Django_lessons\myproject\myapp3\views.py changed, reloading.
INFO 2023-10-20 20:01:59,132 autoreload 17720 13320 Watching for file changes with StatReloader
INFO 2023-10-20 20:02:09,618 autoreload 17720 13320 F:\Django_projects\Django_lessons\myproject\myapp3\views.py changed, reloading.
INFO 2023-10-20 20:02:10,114 autoreload 3556 17456 Watching for file changes with StatReloader
INFO 2023-10-20 20:02:16,363 autoreload 3556 17456 F:\Django_projects\Django_lessons\myproject\myapp3\views.py changed, reloading.
INFO 2023-10-20 20:02:16,842 autoreload 12496 7824 Watching for file changes with StatReloader
INFO 2023-10-20 20:02:53,857 autoreload 12496 7824 F:\Django_projects\Django_lessons\myproject\myapp3\views.py changed, reloading.
INFO 2023-10-20 20:02:54,293 autoreload 18384 10184 Watching for file changes with StatReloader
INFO 2023-10-20 20:04:02,891 autoreload 18384 10184 F:\Django_projects\Django_lessons\myproject\myapp3\urls.py changed, reloading.
INFO 2023-10-20 20:04:03,317 autoreload 19436 2948 Watching for file changes with StatReloader
INFO 2023-10-20 20:04:08,536 autoreload 19436 2948 F:\Django_projects\Django_lessons\myproject\myapp3\urls.py changed, reloading.
INFO 2023-10-20 20:04:08,993 autoreload 7316 2860 Watching for file changes with StatReloader
INFO 2023-10-20 20:04:16,263 autoreload 7316 2860 F:\Django_projects\Django_lessons\myproject\myapp3\urls.py changed, reloading.
INFO 2023-10-20 20:04:16,709 autoreload 21236 4832 Watching for file changes with StatReloader
INFO 2023-10-20 20:04:21,934 autoreload 21236 4832 F:\Django_projects\Django_lessons\myproject\myapp3\urls.py changed, reloading.
INFO 2023-10-20 20:04:22,376 autoreload 21028 7928 Watching for file changes with StatReloader
INFO 2023-10-20 20:04:28,623 autoreload 21028 7928 F:\Django_projects\Django_lessons\myproject\myapp3\urls.py changed, reloading.
INFO 2023-10-20 20:04:29,063 autoreload 21228 13124 Watching for file changes with StatReloader
INFO 2023-10-20 20:04:33,277 autoreload 21228 13124 F:\Django_projects\Django_lessons\myproject\myapp3\urls.py changed, reloading.
INFO 2023-10-20 20:04:33,711 autoreload 20204 14276 Watching for file changes with StatReloader
INFO 2023-10-20 20:04:39,951 autoreload 20204 14276 F:\Django_projects\Django_lessons\myproject\myapp3\urls.py changed, reloading.
INFO 2023-10-20 20:04:40,397 autoreload 10128 9280 Watching for file changes with StatReloader
INFO 2023-10-20 20:04:50,702 autoreload 10128 9280 F:\Django_projects\Django_lessons\myproject\myapp3\urls.py changed, reloading.
INFO 2023-10-20 20:04:51,195 autoreload 14268 1064 Watching for file changes with StatReloader
INFO 2023-10-20 20:05:00,904 basehttp 14268 13500 "GET /les3/ HTTP/1.1" 200 175
INFO 2023-10-20 20:10:34,066 autoreload 14268 1064 F:\Django_projects\Django_lessons\myproject\myapp3\views.py changed, reloading.
INFO 2023-10-20 20:10:34,506 autoreload 12316 20456 Watching for file changes with StatReloader
INFO 2023-10-20 20:11:15,581 autoreload 12316 20456 F:\Django_projects\Django_lessons\myproject\myapp3\views.py changed, reloading.
INFO 2023-10-20 20:11:16,056 autoreload 13568 12192 Watching for file changes with StatReloader
INFO 2023-10-20 20:11:36,773 autoreload 13568 12192 F:\Django_projects\Django_lessons\myproject\myapp3\views.py changed, reloading.
INFO 2023-10-20 20:11:37,246 autoreload 9424 15732 Watching for file changes with StatReloader
INFO 2023-10-20 20:12:01,002 autoreload 9424 15732 F:\Django_projects\Django_lessons\myproject\myapp3\urls.py changed, reloading.
INFO 2023-10-20 20:12:01,491 autoreload 12208 9816 Watching for file changes with StatReloader
INFO 2023-10-20 20:12:35,181 autoreload 12208 9816 F:\Django_projects\Django_lessons\myproject\myapp3\urls.py changed, reloading.
INFO 2023-10-20 20:12:35,594 autoreload 1776 11392 Watching for file changes with StatReloader
INFO 2023-10-20 20:12:41,826 autoreload 1776 11392 F:\Django_projects\Django_lessons\myproject\myapp3\urls.py changed, reloading.
INFO 2023-10-20 20:12:42,292 autoreload 12564 21284 Watching for file changes with StatReloader
INFO 2023-10-20 20:12:55,780 basehttp 12564 2500 "GET /les3/if HTTP/1.1" 301 0
INFO 2023-10-20 20:12:55,796 basehttp 12564 16240 "GET /les3/if/ HTTP/1.1" 200 355
INFO 2023-10-20 20:16:40,192 autoreload 12564 21284 F:\Django_projects\Django_lessons\myproject\myapp3\views.py changed, reloading.
INFO 2023-10-20 20:16:40,742 autoreload 8076 13292 Watching for file changes with StatReloader
INFO 2023-10-20 20:16:45,152 autoreload 8076 13292 F:\Django_projects\Django_lessons\myproject\myapp3\views.py changed, reloading.
INFO 2023-10-20 20:16:45,631 autoreload 17564 14972 Watching for file changes with StatReloader
INFO 2023-10-20 20:18:11,496 autoreload 17564 14972 F:\Django_projects\Django_lessons\myproject\myapp3\urls.py changed, reloading.
INFO 2023-10-20 20:18:11,930 autoreload 17048 6492 Watching for file changes with StatReloader
INFO 2023-10-20 20:18:19,384 autoreload 17048 6492 F:\Django_projects\Django_lessons\myproject\myapp3\urls.py changed, reloading.
INFO 2023-10-20 20:18:19,847 autoreload 18956 6264 Watching for file changes with StatReloader
INFO 2023-10-20 20:18:34,768 basehttp 18956 1148 "GET /les3/for HTTP/1.1" 301 0
INFO 2023-10-20 20:18:34,775 basehttp 18956 16984 "GET /les3/for/ HTTP/1.1" 200 860
INFO 2023-10-20 20:28:00,136 autoreload 18956 6264 F:\Django_projects\Django_lessons\myproject\myapp3\views.py changed, reloading.
INFO 2023-10-20 20:28:00,573 autoreload 15908 15000 Watching for file changes with StatReloader
INFO 2023-10-20 20:28:09,017 autoreload 15908 15000 F:\Django_projects\Django_lessons\myproject\myapp3\views.py changed, reloading.
INFO 2023-10-20 20:28:09,451 autoreload 15284 7444 Watching for file changes with StatReloader
INFO 2023-10-20 20:28:16,709 autoreload 15284 7444 F:\Django_projects\Django_lessons\myproject\myapp3\views.py changed, reloading.
INFO 2023-10-20 20:28:17,139 autoreload 18636 15400 Watching for file changes with StatReloader
INFO 2023-10-20 20:28:25,412 autoreload 18636 15400 F:\Django_projects\Django_lessons\myproject\myapp3\views.py changed, reloading.
INFO 2023-10-20 20:28:25,833 autoreload 1752 19184 Watching for file changes with StatReloader
INFO 2023-10-20 20:28:34,108 autoreload 1752 19184 F:\Django_projects\Django_lessons\myproject\myapp3\views.py changed, reloading.
INFO 2023-10-20 20:28:34,530 autoreload 5416 13896 Watching for file changes with StatReloader
INFO 2023-10-20 20:28:37,715 autoreload 5416 13896 F:\Django_projects\Django_lessons\myproject\myapp3\views.py changed, reloading.
INFO 2023-10-20 20:28:38,130 autoreload 8624 20892 Watching for file changes with StatReloader
INFO 2023-10-20 20:28:42,533 autoreload 8624 20892 F:\Django_projects\Django_lessons\myproject\myapp3\views.py changed, reloading.
INFO 2023-10-20 20:28:42,952 autoreload 14572 6740 Watching for file changes with StatReloader
INFO 2023-10-20 20:28:47,319 autoreload 14572 6740 F:\Django_projects\Django_lessons\myproject\myapp3\views.py changed, reloading.
INFO 2023-10-20 20:28:47,769 autoreload 3044 3680 Watching for file changes with StatReloader
INFO 2023-10-20 20:28:50,960 autoreload 3044 3680 F:\Django_projects\Django_lessons\myproject\myapp3\views.py changed, reloading.
INFO 2023-10-20 20:28:51,402 autoreload 17676 20244 Watching for file changes with StatReloader
INFO 2023-10-20 20:29:16,156 autoreload 17676 20244 F:\Django_projects\Django_lessons\myproject\myapp3\views.py changed, reloading.
INFO 2023-10-20 20:29:16,589 autoreload 7852 1384 Watching for file changes with StatReloader
INFO 2023-10-20 20:29:33,215 autoreload 7852 1384 F:\Django_projects\Django_lessons\myproject\myapp3\views.py changed, reloading.
INFO 2023-10-20 20:29:33,674 autoreload 1620 1460 Watching for file changes with StatReloader
WARNING 2023-10-20 20:29:45,476 log 1620 5988 Not Found: /index
WARNING 2023-10-20 20:29:45,477 basehttp 1620 5988 "GET /index HTTP/1.1" 404 2307
WARNING 2023-10-20 20:29:57,811 log 1620 5988 Not Found: /les3/index
WARNING 2023-10-20 20:29:57,812 basehttp 1620 5988 "GET /les3/index HTTP/1.1" 404 3711
INFO 2023-10-20 20:30:55,664 autoreload 1620 1460 F:\Django_projects\Django_lessons\myproject\myapp3\urls.py changed, reloading.
INFO 2023-10-20 20:30:56,115 autoreload 12360 6124 Watching for file changes with StatReloader
INFO 2023-10-20 20:31:12,705 autoreload 12360 6124 F:\Django_projects\Django_lessons\myproject\myapp3\urls.py changed, reloading.
INFO 2023-10-20 20:31:13,145 autoreload 14936 10372 Watching for file changes with StatReloader
INFO 2023-10-20 20:32:01,048 autoreload 14936 10372 F:\Django_projects\Django_lessons\myproject\myapp3\urls.py changed, reloading.
INFO 2023-10-20 20:32:01,504 autoreload 6652 18100 Watching for file changes with StatReloader
INFO 2023-10-20 20:32:45,404 autoreload 6652 18100 F:\Django_projects\Django_lessons\myproject\myapp3\urls.py changed, reloading.
INFO 2023-10-20 20:32:45,814 autoreload 1796 19204 Watching for file changes with StatReloader
INFO 2023-10-20 20:32:51,105 basehttp 1796 8432 "GET /les3/index HTTP/1.1" 301 0
INFO 2023-10-20 20:32:51,126 basehttp 1796 13896 "GET /les3/index/ HTTP/1.1" 200 250
INFO 2023-10-20 20:32:56,994 basehttp 1796 13896 "GET /les3/about/ HTTP/1.1" 200 254
INFO 2023-10-20 20:33:37,216 autoreload 1796 19204 F:\Django_projects\Django_lessons\myproject\myproject\settings.py changed, reloading.
INFO 2023-10-20 20:33:37,652 autoreload 18228 19660 Watching for file changes with StatReloader
INFO 2023-10-20 20:33:44,085 autoreload 18228 19660 F:\Django_projects\Django_lessons\myproject\myproject\settings.py changed, reloading.
INFO 2023-10-20 20:33:44,511 autoreload 19384 17888 Watching for file changes with StatReloader
INFO 2023-10-20 20:33:50,960 autoreload 19384 17888 F:\Django_projects\Django_lessons\myproject\myproject\settings.py changed, reloading.
INFO 2023-10-20 20:38:47,025 autoreload 13160 9284 Watching for file changes with StatReloader
INFO 2023-10-20 20:38:51,052 basehttp 13160 7680 "GET /les3/index/ HTTP/1.1" 200 310
INFO 2023-10-20 20:39:20,082 autoreload 13160 9284 F:\Django_projects\Django_lessons\myproject\myproject\urls.py changed, reloading.
INFO 2023-10-20 20:39:20,546 autoreload 16640 10576 Watching for file changes with StatReloader
INFO 2023-10-20 20:39:45,303 autoreload 16640 10576 F:\Django_projects\Django_lessons\myproject\myproject\urls.py changed, reloading.
INFO 2023-10-20 20:39:45,834 autoreload 16588 7952 Watching for file changes with StatReloader
INFO 2023-10-20 20:40:02,234 autoreload 16588 7952 F:\Django_projects\Django_lessons\myproject\myproject\urls.py changed, reloading.
INFO 2023-10-20 20:40:02,710 autoreload 7984 2108 Watching for file changes with StatReloader
INFO 2023-10-20 20:40:13,027 autoreload 7984 2108 F:\Django_projects\Django_lessons\myproject\myproject\urls.py changed, reloading.
INFO 2023-10-20 20:40:13,437 autoreload 19108 7360 Watching for file changes with StatReloader
INFO 2023-10-20 20:40:19,673 autoreload 19108 7360 F:\Django_projects\Django_lessons\myproject\myproject\urls.py changed, reloading.
INFO 2023-10-20 20:40:20,108 autoreload 8260 10784 Watching for file changes with StatReloader
INFO 2023-10-20 20:40:29,390 autoreload 8260 10784 F:\Django_projects\Django_lessons\myproject\myproject\urls.py changed, reloading.
INFO 2023-10-20 20:40:29,805 autoreload 15296 21040 Watching for file changes with StatReloader
INFO 2023-10-20 20:41:00,426 autoreload 15296 21040 F:\Django_projects\Django_lessons\myproject\myproject\urls.py changed, reloading.
INFO 2023-10-20 20:41:00,843 autoreload 8016 9712 Watching for file changes with StatReloader
INFO 2023-10-20 20:42:22,688 autoreload 8016 9712 F:\Django_projects\Django_lessons\myproject\myapp3\models.py changed, reloading.
INFO 2023-10-20 20:42:23,237 autoreload 11460 14292 Watching for file changes with StatReloader
INFO 2023-10-20 20:42:30,570 autoreload 11460 14292 F:\Django_projects\Django_lessons\myproject\myapp3\models.py changed, reloading.
INFO 2023-10-20 20:42:31,234 autoreload 3668 13548 Watching for file changes with StatReloader
INFO 2023-10-20 20:42:37,565 autoreload 3668 13548 F:\Django_projects\Django_lessons\myproject\myapp3\models.py changed, reloading.
INFO 2023-10-20 20:42:38,017 autoreload 14248 16704 Watching for file changes with StatReloader
INFO 2023-10-20 20:43:02,620 autoreload 14248 16704 F:\Django_projects\Django_lessons\myproject\myapp3\models.py changed, reloading.
INFO 2023-10-20 20:43:03,168 autoreload 12716 16240 Watching for file changes with StatReloader
INFO 2023-10-20 20:43:11,512 autoreload 12716 16240 F:\Django_projects\Django_lessons\myproject\myapp3\models.py changed, reloading.
INFO 2023-10-20 20:43:11,926 autoreload 7728 4076 Watching for file changes with StatReloader
INFO 2023-10-20 20:43:24,341 autoreload 7728 4076 F:\Django_projects\Django_lessons\myproject\myapp3\models.py changed, reloading.
INFO 2023-10-20 20:43:24,785 autoreload 15228 6972 Watching for file changes with StatReloader
INFO 2023-10-20 21:06:39,277 autoreload 5052 20436 Watching for file changes with StatReloader
WARNING 2023-10-20 21:07:19,528 log 5052 3868 Not Found: /les3/author_posts
WARNING 2023-10-20 21:07:19,528 basehttp 5052 3868 "GET /les3/author_posts HTTP/1.1" 404 4573
INFO 2023-10-20 21:07:21,146 basehttp 5052 3868 "GET /les3/author/5 HTTP/1.1" 301 0
INFO 2023-10-20 21:07:21,163 basehttp 5052 3528 "GET /les3/author/5/ HTTP/1.1" 200 1404
INFO 2023-10-20 21:07:27,053 basehttp 5052 3528 "GET /les3/post/50/ HTTP/1.1" 200 729
INFO 2023-10-20 21:07:29,769 basehttp 5052 3528 "GET /les3/post/46/ HTTP/1.1" 200 693
INFO 2023-10-20 21:53:02,512 autoreload 13628 20316 Watching for file changes with StatReloader
ERROR 2023-10-20 21:53:20,528 log 13628 3980 Internal Server Error: /les4/user/add/
Traceback (most recent call last):
  File "F:\Django_projects\venv\Lib\site-packages\django\core\handlers\exception.py", line 55, in inner
    response = get_response(request)
               ^^^^^^^^^^^^^^^^^^^^^
  File "F:\Django_projects\venv\Lib\site-packages\django\core\handlers\base.py", line 204, in _get_response
    self.check_response(response, callback)
  File "F:\Django_projects\venv\Lib\site-packages\django\core\handlers\base.py", line 332, in check_response
    raise ValueError(
ValueError: The view myapp4.views.user_form didn't return an HttpResponse object. It returned None instead.
ERROR 2023-10-20 21:53:20,530 basehttp 13628 3980 "GET /les4/user/add/ HTTP/1.1" 500 66177
WARNING 2023-10-20 21:53:25,943 log 13628 3980 Not Found: /les4/user_add/
WARNING 2023-10-20 21:53:25,943 basehttp 13628 3980 "GET /les4/user_add/ HTTP/1.1" 404 2613
WARNING 2023-10-20 21:53:48,812 log 13628 3980 Not Found: /les4/user/
WARNING 2023-10-20 21:53:48,813 basehttp 13628 3980 "GET /les4/user/ HTTP/1.1" 404 2601
INFO 2023-10-20 21:53:59,102 basehttp 13628 3980 "GET /les4/user/add HTTP/1.1" 301 0
ERROR 2023-10-20 21:53:59,125 log 13628 12824 Internal Server Error: /les4/user/add/
Traceback (most recent call last):
  File "F:\Django_projects\venv\Lib\site-packages\django\core\handlers\exception.py", line 55, in inner
    response = get_response(request)
               ^^^^^^^^^^^^^^^^^^^^^
  File "F:\Django_projects\venv\Lib\site-packages\django\core\handlers\base.py", line 204, in _get_response
    self.check_response(response, callback)
  File "F:\Django_projects\venv\Lib\site-packages\django\core\handlers\base.py", line 332, in check_response
    raise ValueError(
ValueError: The view myapp4.views.user_form didn't return an HttpResponse object. It returned None instead.
ERROR 2023-10-20 21:53:59,126 basehttp 13628 12824 "GET /les4/user/add/ HTTP/1.1" 500 66028
INFO 2023-10-20 21:58:51,222 autoreload 768 11752 Watching for file changes with StatReloader
WARNING 2023-10-20 21:59:04,042 log 768 20056 Not Found: /les4/user/
WARNING 2023-10-20 21:59:04,043 basehttp 768 20056 "GET /les4/user/ HTTP/1.1" 404 2601
ERROR 2023-10-20 21:59:13,506 log 768 20056 Internal Server Error: /les4/user/add/
Traceback (most recent call last):
  File "F:\Django_projects\venv\Lib\site-packages\django\core\handlers\exception.py", line 55, in inner
    response = get_response(request)
               ^^^^^^^^^^^^^^^^^^^^^
  File "F:\Django_projects\venv\Lib\site-packages\django\core\handlers\base.py", line 204, in _get_response
    self.check_response(response, callback)
  File "F:\Django_projects\venv\Lib\site-packages\django\core\handlers\base.py", line 332, in check_response
    raise ValueError(
ValueError: The view myapp4.views.user_form didn't return an HttpResponse object. It returned None instead.
ERROR 2023-10-20 21:59:13,508 basehttp 768 20056 "GET /les4/user/add/ HTTP/1.1" 500 66302
ERROR 2023-10-20 21:59:16,714 log 768 20056 Internal Server Error: /les4/user/add/
Traceback (most recent call last):
  File "F:\Django_projects\venv\Lib\site-packages\django\core\handlers\exception.py", line 55, in inner
    response = get_response(request)
               ^^^^^^^^^^^^^^^^^^^^^
  File "F:\Django_projects\venv\Lib\site-packages\django\core\handlers\base.py", line 204, in _get_response
    self.check_response(response, callback)
  File "F:\Django_projects\venv\Lib\site-packages\django\core\handlers\base.py", line 332, in check_response
    raise ValueError(
ValueError: The view myapp4.views.user_form didn't return an HttpResponse object. It returned None instead.
ERROR 2023-10-20 21:59:16,715 basehttp 768 20056 "GET /les4/user/add/ HTTP/1.1" 500 66028
INFO 2023-10-20 22:02:02,477 autoreload 768 11752 F:\Django_projects\Django_lessons\myproject\myapp4\views.py changed, reloading.
INFO 2023-10-20 22:02:02,919 autoreload 1460 12768 Watching for file changes with StatReloader
INFO 2023-10-20 22:02:11,819 basehttp 1460 14476 "GET /les4/user/add/ HTTP/1.1" 200 752
INFO 2023-10-20 22:03:35,719 basehttp 1460 14476 "GET /les4/user/add/ HTTP/1.1" 200 970
INFO 2023-10-20 22:03:54,776 basehttp 1460 14476 "POST /les4/user/add/ HTTP/1.1" 200 1044
INFO 2023-10-20 22:05:56,021 autoreload 1460 12768 F:\Django_projects\Django_lessons\myproject\myapp4\forms.py changed, reloading.
INFO 2023-10-20 22:05:56,506 autoreload 4840 13804 Watching for file changes with StatReloader
INFO 2023-10-20 22:06:57,996 autoreload 4840 13804 F:\Django_projects\Django_lessons\myproject\myapp4\forms.py changed, reloading.
INFO 2023-10-20 22:06:58,527 autoreload 12168 9540 Watching for file changes with StatReloader
INFO 2023-10-20 22:07:27,436 autoreload 12168 9540 F:\Django_projects\Django_lessons\myproject\myapp4\forms.py changed, reloading.
INFO 2023-10-20 22:07:27,900 autoreload 20928 13640 Watching for file changes with StatReloader
INFO 2023-10-20 22:08:46,737 autoreload 20928 13640 F:\Django_projects\Django_lessons\myproject\myapp4\views.py changed, reloading.
INFO 2023-10-20 22:08:47,267 autoreload 7332 21020 Watching for file changes with StatReloader
INFO 2023-10-20 22:09:02,946 autoreload 7332 21020 F:\Django_projects\Django_lessons\myproject\myapp4\views.py changed, reloading.
INFO 2023-10-20 22:09:03,434 autoreload 20540 15816 Watching for file changes with StatReloader
INFO 2023-10-20 22:09:33,367 autoreload 20540 15816 F:\Django_projects\Django_lessons\myproject\myapp4\views.py changed, reloading.
INFO 2023-10-20 22:09:33,843 autoreload 3340 9312 Watching for file changes with StatReloader
INFO 2023-10-20 22:09:39,074 autoreload 3340 9312 F:\Django_projects\Django_lessons\myproject\myapp4\views.py changed, reloading.
INFO 2023-10-20 22:09:39,604 autoreload 2708 20036 Watching for file changes with StatReloader
INFO 2023-10-20 22:09:45,854 autoreload 2708 20036 F:\Django_projects\Django_lessons\myproject\myapp4\views.py changed, reloading.
INFO 2023-10-20 22:09:46,397 autoreload 1716 7852 Watching for file changes with StatReloader
INFO 2023-10-20 22:10:13,019 autoreload 1716 7852 F:\Django_projects\Django_lessons\myproject\myapp4\views.py changed, reloading.
INFO 2023-10-20 22:10:13,473 autoreload 1400 13512 Watching for file changes with StatReloader
INFO 2023-10-20 22:10:39,068 autoreload 1400 13512 F:\Django_projects\Django_lessons\myproject\myapp4\views.py changed, reloading.
INFO 2023-10-20 22:10:39,604 autoreload 11692 16040 Watching for file changes with StatReloader
INFO 2023-10-20 22:11:57,489 autoreload 11692 16040 F:\Django_projects\Django_lessons\myproject\myapp4\urls.py changed, reloading.
INFO 2023-10-20 22:11:58,024 autoreload 10652 13952 Watching for file changes with StatReloader
INFO 2023-10-20 22:12:19,761 autoreload 10652 13952 F:\Django_projects\Django_lessons\myproject\myapp4\urls.py changed, reloading.
INFO 2023-10-20 22:12:20,202 autoreload 10504 3496 Watching for file changes with StatReloader
INFO 2023-10-20 22:13:54,833 basehttp 10504 7928 "GET /les4/forms HTTP/1.1" 301 0
INFO 2023-10-20 22:13:54,865 basehttp 10504 17956 "GET /les4/forms/ HTTP/1.1" 200 1513
INFO 2023-10-20 22:14:07,511 basehttp 10504 17956 "POST /les4/forms/ HTTP/1.1" 200 1616
INFO 2023-10-20 22:17:09,657 autoreload 10504 3496 F:\Django_projects\Django_lessons\myproject\myapp4\forms.py changed, reloading.
INFO 2023-10-20 22:17:10,118 autoreload 14400 14616 Watching for file changes with StatReloader
INFO 2023-10-20 22:17:45,880 autoreload 14400 14616 F:\Django_projects\Django_lessons\myproject\myapp4\forms.py changed, reloading.
INFO 2023-10-20 22:17:46,322 autoreload 12048 12812 Watching for file changes with StatReloader
INFO 2023-10-20 22:18:40,396 autoreload 12048 12812 F:\Django_projects\Django_lessons\myproject\myapp4\forms.py changed, reloading.
INFO 2023-10-20 22:18:40,824 autoreload 8288 10228 Watching for file changes with StatReloader
INFO 2023-10-20 22:19:25,018 autoreload 8288 10228 F:\Django_projects\Django_lessons\myproject\myapp4\views.py changed, reloading.
INFO 2023-10-20 22:19:25,516 autoreload 172 15356 Watching for file changes with StatReloader
INFO 2023-10-20 22:19:45,246 autoreload 172 15356 F:\Django_projects\Django_lessons\myproject\myapp4\views.py changed, reloading.
INFO 2023-10-20 22:19:45,724 autoreload 1916 5064 Watching for file changes with StatReloader
INFO 2023-10-20 22:19:54,200 autoreload 1916 5064 F:\Django_projects\Django_lessons\myproject\myapp4\views.py changed, reloading.
INFO 2023-10-20 22:19:54,684 autoreload 17588 9208 Watching for file changes with StatReloader
INFO 2023-10-20 22:20:23,357 basehttp 17588 16524 "POST /les4/forms/ HTTP/1.1" 200 2295
INFO 2023-10-20 22:20:34,129 basehttp 17588 16524 "POST /les4/forms/ HTTP/1.1" 200 2246
INFO 2023-10-20 22:21:25,955 autoreload 17588 9208 F:\Django_projects\Django_lessons\myproject\myapp4\forms.py changed, reloading.
INFO 2023-10-20 22:21:26,450 autoreload 14860 3152 Watching for file changes with StatReloader
INFO 2023-10-20 22:21:34,929 autoreload 14860 3152 F:\Django_projects\Django_lessons\myproject\myapp4\forms.py changed, reloading.
INFO 2023-10-20 22:21:35,432 autoreload 21012 13316 Watching for file changes with StatReloader
INFO 2023-10-20 22:21:42,719 autoreload 21012 13316 F:\Django_projects\Django_lessons\myproject\myapp4\forms.py changed, reloading.
INFO 2023-10-20 22:21:43,193 autoreload 3100 16436 Watching for file changes with StatReloader
INFO 2023-10-20 22:22:00,520 basehttp 3100 10664 "POST /les4/forms/ HTTP/1.1" 200 2246
INFO 2023-10-20 22:23:01,234 autoreload 3100 16436 F:\Django_projects\Django_lessons\myproject\myapp4\forms.py changed, reloading.
INFO 2023-10-20 22:23:01,753 autoreload 16572 20848 Watching for file changes with StatReloader
INFO 2023-10-20 22:23:10,045 autoreload 16572 20848 F:\Django_projects\Django_lessons\myproject\myapp4\forms.py changed, reloading.
INFO 2023-10-20 22:23:10,508 autoreload 19424 1948 Watching for file changes with StatReloader
INFO 2023-10-20 22:23:17,786 autoreload 19424 1948 F:\Django_projects\Django_lessons\myproject\myapp4\forms.py changed, reloading.
INFO 2023-10-20 22:23:18,271 autoreload 6672 20712 Watching for file changes with StatReloader
INFO 2023-10-20 22:23:26,558 autoreload 6672 20712 F:\Django_projects\Django_lessons\myproject\myapp4\forms.py changed, reloading.
INFO 2023-10-20 22:23:27,050 autoreload 3988 19516 Watching for file changes with StatReloader
INFO 2023-10-20 22:23:32,306 autoreload 3988 19516 F:\Django_projects\Django_lessons\myproject\myapp4\forms.py changed, reloading.
INFO 2023-10-20 22:23:32,839 autoreload 2640 20844 Watching for file changes with StatReloader
INFO 2023-10-20 22:23:43,160 autoreload 2640 20844 F:\Django_projects\Django_lessons\myproject\myapp4\forms.py changed, reloading.
INFO 2023-10-20 22:23:43,692 autoreload 15320 4180 Watching for file changes with StatReloader
INFO 2023-10-20 22:23:56,063 autoreload 15320 4180 F:\Django_projects\Django_lessons\myproject\myapp4\forms.py changed, reloading.
INFO 2023-10-20 22:23:56,509 autoreload 15540 13760 Watching for file changes with StatReloader
INFO 2023-10-20 22:24:01,749 autoreload 15540 13760 F:\Django_projects\Django_lessons\myproject\myapp4\forms.py changed, reloading.
INFO 2023-10-20 22:24:02,218 autoreload 17220 11812 Watching for file changes with StatReloader
INFO 2023-10-20 22:24:11,520 autoreload 17220 11812 F:\Django_projects\Django_lessons\myproject\myapp4\forms.py changed, reloading.
INFO 2023-10-20 22:24:11,996 autoreload 7496 18244 Watching for file changes with StatReloader
INFO 2023-10-20 22:24:21,306 autoreload 7496 18244 F:\Django_projects\Django_lessons\myproject\myapp4\forms.py changed, reloading.
INFO 2023-10-20 22:24:21,779 autoreload 2876 8396 Watching for file changes with StatReloader
INFO 2023-10-20 22:24:26,018 autoreload 2876 8396 F:\Django_projects\Django_lessons\myproject\myapp4\forms.py changed, reloading.
INFO 2023-10-20 22:24:26,499 autoreload 3844 16256 Watching for file changes with StatReloader
INFO 2023-10-20 22:26:03,714 autoreload 3844 16256 F:\Django_projects\Django_lessons\myproject\myapp4\models.py changed, reloading.
INFO 2023-10-20 22:26:04,222 autoreload 3996 20820 Watching for file changes with StatReloader
INFO 2023-10-20 22:26:15,622 autoreload 3996 20820 F:\Django_projects\Django_lessons\myproject\myapp4\models.py changed, reloading.
INFO 2023-10-20 22:26:16,084 autoreload 13952 21252 Watching for file changes with StatReloader
INFO 2023-10-20 22:26:25,441 autoreload 13952 21252 F:\Django_projects\Django_lessons\myproject\myapp4\models.py changed, reloading.
INFO 2023-10-20 22:26:25,929 autoreload 13728 12848 Watching for file changes with StatReloader
INFO 2023-10-20 22:31:39,166 autoreload 16584 4952 Watching for file changes with StatReloader
INFO 2023-10-20 22:31:54,846 basehttp 16584 6032 "GET /les4/user HTTP/1.1" 301 0
INFO 2023-10-20 22:31:54,875 basehttp 16584 14188 "GET /les4/user/ HTTP/1.1" 200 919
INFO 2023-10-20 22:32:26,950 basehttp 16584 14188 "POST /les4/user/ HTTP/1.1" 200 1089
INFO 2023-10-20 22:32:53,570 basehttp 16584 14188 "POST /les4/user/ HTTP/1.1" 200 998
INFO 2023-10-20 22:33:52,443 basehttp 16584 14188 "POST /les4/user/ HTTP/1.1" 200 998
ERROR 2023-10-20 22:35:00,649 log 16584 14188 Internal Server Error: /les4/user/
Traceback (most recent call last):
  File "F:\Django_projects\venv\Lib\site-packages\django\db\utils.py", line 98, in inner
    return func(*args, **kwargs)
           ^^^^^^^^^^^^^^^^^^^^^
sqlite3.OperationalError: database is locked

The above exception was the direct cause of the following exception:

Traceback (most recent call last):
  File "F:\Django_projects\venv\Lib\site-packages\django\core\handlers\exception.py", line 55, in inner
    response = get_response(request)
               ^^^^^^^^^^^^^^^^^^^^^
  File "F:\Django_projects\venv\Lib\site-packages\django\core\handlers\base.py", line 197, in _get_response
    response = wrapped_callback(request, *callback_args, **callback_kwargs)
               ^^^^^^^^^^^^^^^^^^^^^^^^^^^^^^^^^^^^^^^^^^^^^^^^^^^^^^^^^^^^
  File "F:\Django_projects\Django_lessons\myproject\myapp4\views.py", line 42, in add_user
    user.save()
  File "F:\Django_projects\venv\Lib\site-packages\django\db\models\base.py", line 814, in save
    self.save_base(
  File "F:\Django_projects\venv\Lib\site-packages\django\db\models\base.py", line 877, in save_base
    updated = self._save_table(
              ^^^^^^^^^^^^^^^^^
  File "F:\Django_projects\venv\Lib\site-packages\django\db\models\base.py", line 1020, in _save_table
    results = self._do_insert(
              ^^^^^^^^^^^^^^^^
  File "F:\Django_projects\venv\Lib\site-packages\django\db\models\base.py", line 1061, in _do_insert
    return manager._insert(
           ^^^^^^^^^^^^^^^^
  File "F:\Django_projects\venv\Lib\site-packages\django\db\models\manager.py", line 87, in manager_method
    return getattr(self.get_queryset(), name)(*args, **kwargs)
           ^^^^^^^^^^^^^^^^^^^^^^^^^^^^^^^^^^^^^^^^^^^^^^^^^^^
  File "F:\Django_projects\venv\Lib\site-packages\django\db\models\query.py", line 1805, in _insert
    return query.get_compiler(using=using).execute_sql(returning_fields)
           ^^^^^^^^^^^^^^^^^^^^^^^^^^^^^^^^^^^^^^^^^^^^^^^^^^^^^^^^^^^^^
  File "F:\Django_projects\venv\Lib\site-packages\django\db\models\sql\compiler.py", line 1833, in execute_sql
    self.connection.ops.fetch_returned_insert_columns(
  File "F:\Django_projects\venv\Lib\site-packages\django\db\backends\base\operations.py", line 213, in fetch_returned_insert_columns
    return cursor.fetchone()
           ^^^^^^^^^^^^^^^^^
  File "F:\Django_projects\venv\Lib\site-packages\django\db\utils.py", line 97, in inner
    with self:
  File "F:\Django_projects\venv\Lib\site-packages\django\db\utils.py", line 91, in __exit__
    raise dj_exc_value.with_traceback(traceback) from exc_value
  File "F:\Django_projects\venv\Lib\site-packages\django\db\utils.py", line 98, in inner
    return func(*args, **kwargs)
           ^^^^^^^^^^^^^^^^^^^^^
django.db.utils.OperationalError: database is locked
ERROR 2023-10-20 22:35:00,654 basehttp 16584 14188 "POST /les4/user/ HTTP/1.1" 500 125482
INFO 2023-10-20 22:35:54,664 autoreload 3920 19132 Watching for file changes with StatReloader
ERROR 2023-10-20 22:36:05,098 log 3920 8632 Internal Server Error: /les4/user/
Traceback (most recent call last):
  File "F:\Django_projects\venv\Lib\site-packages\django\db\utils.py", line 98, in inner
    return func(*args, **kwargs)
           ^^^^^^^^^^^^^^^^^^^^^
sqlite3.OperationalError: database is locked

The above exception was the direct cause of the following exception:

Traceback (most recent call last):
  File "F:\Django_projects\venv\Lib\site-packages\django\core\handlers\exception.py", line 55, in inner
    response = get_response(request)
               ^^^^^^^^^^^^^^^^^^^^^
  File "F:\Django_projects\venv\Lib\site-packages\django\core\handlers\base.py", line 197, in _get_response
    response = wrapped_callback(request, *callback_args, **callback_kwargs)
               ^^^^^^^^^^^^^^^^^^^^^^^^^^^^^^^^^^^^^^^^^^^^^^^^^^^^^^^^^^^^
  File "F:\Django_projects\Django_lessons\myproject\myapp4\views.py", line 42, in add_user
    user.save()
  File "F:\Django_projects\venv\Lib\site-packages\django\db\models\base.py", line 814, in save
    self.save_base(
  File "F:\Django_projects\venv\Lib\site-packages\django\db\models\base.py", line 877, in save_base
    updated = self._save_table(
              ^^^^^^^^^^^^^^^^^
  File "F:\Django_projects\venv\Lib\site-packages\django\db\models\base.py", line 1020, in _save_table
    results = self._do_insert(
              ^^^^^^^^^^^^^^^^
  File "F:\Django_projects\venv\Lib\site-packages\django\db\models\base.py", line 1061, in _do_insert
    return manager._insert(
           ^^^^^^^^^^^^^^^^
  File "F:\Django_projects\venv\Lib\site-packages\django\db\models\manager.py", line 87, in manager_method
    return getattr(self.get_queryset(), name)(*args, **kwargs)
           ^^^^^^^^^^^^^^^^^^^^^^^^^^^^^^^^^^^^^^^^^^^^^^^^^^^
  File "F:\Django_projects\venv\Lib\site-packages\django\db\models\query.py", line 1805, in _insert
    return query.get_compiler(using=using).execute_sql(returning_fields)
           ^^^^^^^^^^^^^^^^^^^^^^^^^^^^^^^^^^^^^^^^^^^^^^^^^^^^^^^^^^^^^
  File "F:\Django_projects\venv\Lib\site-packages\django\db\models\sql\compiler.py", line 1833, in execute_sql
    self.connection.ops.fetch_returned_insert_columns(
  File "F:\Django_projects\venv\Lib\site-packages\django\db\backends\base\operations.py", line 213, in fetch_returned_insert_columns
    return cursor.fetchone()
           ^^^^^^^^^^^^^^^^^
  File "F:\Django_projects\venv\Lib\site-packages\django\db\utils.py", line 97, in inner
    with self:
  File "F:\Django_projects\venv\Lib\site-packages\django\db\utils.py", line 91, in __exit__
    raise dj_exc_value.with_traceback(traceback) from exc_value
  File "F:\Django_projects\venv\Lib\site-packages\django\db\utils.py", line 98, in inner
    return func(*args, **kwargs)
           ^^^^^^^^^^^^^^^^^^^^^
django.db.utils.OperationalError: database is locked
ERROR 2023-10-20 22:36:05,103 basehttp 3920 8632 "POST /les4/user/ HTTP/1.1" 500 125482
WARNING 2023-10-20 22:36:25,179 log 3920 8632 Not Found: /les4/user/1
WARNING 2023-10-20 22:36:25,179 basehttp 3920 8632 "GET /les4/user/1 HTTP/1.1" 404 2961
INFO 2023-10-20 22:36:30,645 basehttp 3920 8632 "GET /les4/user/ HTTP/1.1" 200 919
INFO 2023-10-20 22:36:53,125 basehttp 3920 8632 "GET /les4/user/ HTTP/1.1" 200 919
INFO 2023-10-20 22:38:04,918 autoreload 3920 19132 F:\Django_projects\Django_lessons\myproject\myapp4\forms.py changed, reloading.
INFO 2023-10-20 22:38:05,550 autoreload 19544 14060 Watching for file changes with StatReloader
INFO 2023-10-20 22:39:03,016 autoreload 19544 14060 F:\Django_projects\Django_lessons\myproject\myproject\settings.py changed, reloading.
INFO 2023-10-20 22:39:03,539 autoreload 8564 14852 Watching for file changes with StatReloader
INFO 2023-10-20 22:39:40,622 autoreload 8564 14852 F:\Django_projects\Django_lessons\myproject\myapp4\views.py changed, reloading.
INFO 2023-10-20 22:39:41,165 autoreload 15660 8328 Watching for file changes with StatReloader
INFO 2023-10-20 22:40:20,286 autoreload 15660 8328 F:\Django_projects\Django_lessons\myproject\myapp4\views.py changed, reloading.
INFO 2023-10-20 22:40:20,807 autoreload 13724 3612 Watching for file changes with StatReloader
INFO 2023-10-20 22:40:44,709 autoreload 13724 3612 F:\Django_projects\Django_lessons\myproject\myapp4\views.py changed, reloading.
INFO 2023-10-20 22:40:45,184 autoreload 4284 16212 Watching for file changes with StatReloader
INFO 2023-10-20 22:41:18,195 autoreload 4284 16212 F:\Django_projects\Django_lessons\myproject\myapp4\urls.py changed, reloading.
INFO 2023-10-20 22:41:18,657 autoreload 18240 7144 Watching for file changes with StatReloader
INFO 2023-10-20 22:41:26,116 autoreload 18240 7144 F:\Django_projects\Django_lessons\myproject\myapp4\urls.py changed, reloading.
INFO 2023-10-20 22:41:26,615 autoreload 15452 16808 Watching for file changes with StatReloader
WARNING 2023-10-20 22:43:25,476 log 15452 3312 Not Found: /les4/upload_image
WARNING 2023-10-20 22:43:25,477 basehttp 15452 3312 "GET /les4/upload_image HTTP/1.1" 404 3159
INFO 2023-10-20 22:43:31,722 basehttp 15452 3312 "GET /les4/upload HTTP/1.1" 301 0
INFO 2023-10-20 22:43:31,736 basehttp 15452 17268 "GET /les4/upload/ HTTP/1.1" 200 642
INFO 2023-10-20 22:43:35,945 basehttp 15452 17268 "POST /les4/upload/ HTTP/1.1" 200 642
INFO 2023-10-20 22:46:05,266 autoreload 18508 14780 Watching for file changes with StatReloader
INFO 2023-10-20 22:46:13,177 basehttp 18508 11636 "GET /admin HTTP/1.1" 301 0
INFO 2023-10-20 22:46:13,193 basehttp 18508 6588 "GET /admin/ HTTP/1.1" 302 0
INFO 2023-10-20 22:46:13,231 basehttp 18508 6588 "GET /admin/login/?next=/admin/ HTTP/1.1" 200 4181
INFO 2023-10-20 22:46:13,443 basehttp 18508 14444 "GET /static/admin/js/theme.js HTTP/1.1" 200 1943
INFO 2023-10-20 22:46:13,445 basehttp 18508 1796 "GET /static/admin/js/nav_sidebar.js HTTP/1.1" 200 3063
INFO 2023-10-20 22:46:13,451 basehttp 18508 6588 "GET /static/admin/css/login.css HTTP/1.1" 200 958
INFO 2023-10-20 22:46:14,299 basehttp 18508 6588 "GET /admin/ HTTP/1.1" 302 0
INFO 2023-10-20 22:46:14,308 basehttp 18508 6588 "GET /admin/login/?next=/admin/ HTTP/1.1" 200 4181
INFO 2023-10-20 22:47:33,538 autoreload 18508 14780 F:\Django_projects\Django_lessons\myproject\myproject\settings.py changed, reloading.
INFO 2023-10-20 22:47:34,043 autoreload 8096 20024 Watching for file changes with StatReloader
INFO 2023-10-20 22:47:37,461 basehttp 8096 384 "GET /admin/login/?next=/admin/ HTTP/1.1" 200 4267
INFO 2023-10-20 22:49:58,217 autoreload 11772 13272 Watching for file changes with StatReloader
INFO 2023-10-20 22:50:01,924 basehttp 11772 18900 "POST /admin/login/?next=/admin/ HTTP/1.1" 302 0
INFO 2023-10-20 22:50:01,956 basehttp 11772 18900 "GET /admin/ HTTP/1.1" 200 5852
INFO 2023-10-20 22:50:02,081 basehttp 11772 18900 "GET /static/admin/css/dashboard.css HTTP/1.1" 200 441
INFO 2023-10-20 22:50:02,089 basehttp 11772 18900 "GET /static/admin/img/icon-addlink.svg HTTP/1.1" 200 331
INFO 2023-10-20 22:50:27,054 basehttp 11772 18900 "GET /admin/auth/user/ HTTP/1.1" 200 11305
INFO 2023-10-20 22:50:27,085 basehttp 11772 4076 "GET /static/admin/js/jquery.init.js HTTP/1.1" 200 347
INFO 2023-10-20 22:50:27,088 basehttp 11772 3036 "GET /static/admin/js/core.js HTTP/1.1" 200 5682
INFO 2023-10-20 22:50:27,089 basehttp 11772 13504 "GET /static/admin/js/admin/RelatedObjectLookups.js HTTP/1.1" 200 8943
INFO 2023-10-20 22:50:27,090 basehttp 11772 16344 "GET /static/admin/js/actions.js HTTP/1.1" 200 7872
INFO 2023-10-20 22:50:27,094 basehttp 11772 18900 "GET /admin/jsi18n/ HTTP/1.1" 200 16066
INFO 2023-10-20 22:50:27,095 basehttp 11772 4076 "GET /static/admin/js/urlify.js HTTP/1.1" 200 7887
INFO 2023-10-20 22:50:27,096 basehttp 11772 3036 "GET /static/admin/js/prepopulate.js HTTP/1.1" 200 1531
INFO 2023-10-20 22:50:27,098 basehttp 11772 14276 "GET /static/admin/js/vendor/jquery/jquery.js HTTP/1.1" 200 292458
INFO 2023-10-20 22:50:27,099 basehttp 11772 13504 "GET /static/admin/js/vendor/xregexp/xregexp.js HTTP/1.1" 200 232381
INFO 2023-10-20 22:50:27,131 basehttp 11772 13504 "GET /static/admin/img/icon-yes.svg HTTP/1.1" 200 436
INFO 2023-10-20 22:50:27,139 basehttp 11772 13504 "GET /static/admin/img/tooltag-add.svg HTTP/1.1" 200 331
INFO 2023-10-20 22:50:27,140 basehttp 11772 3036 "GET /static/admin/img/sorting-icons.svg HTTP/1.1" 200 1097
INFO 2023-10-20 22:50:42,203 basehttp 11772 3036 "GET /admin/auth/user/add/ HTTP/1.1" 200 10988
INFO 2023-10-20 22:50:42,232 basehttp 11772 14276 "GET /admin/jsi18n/ HTTP/1.1" 200 16066
INFO 2023-10-20 22:50:42,241 basehttp 11772 3036 "GET /static/admin/css/forms.css HTTP/1.1" 200 9047
INFO 2023-10-20 22:50:42,245 basehttp 11772 13504 "GET /static/admin/js/prepopulate_init.js HTTP/1.1" 200 586
INFO 2023-10-20 22:50:42,256 basehttp 11772 14276 "GET /static/admin/css/widgets.css HTTP/1.1" 200 11900
INFO 2023-10-20 22:50:42,262 basehttp 11772 3036 "GET /static/admin/js/change_form.js HTTP/1.1" 200 606
INFO 2023-10-20 22:51:26,381 basehttp 11772 3036 "POST /admin/auth/user/add/ HTTP/1.1" 302 0
INFO 2023-10-20 22:51:26,452 basehttp 11772 3036 "GET /admin/auth/user/2/change/ HTTP/1.1" 200 23920
INFO 2023-10-20 22:51:26,480 basehttp 11772 3036 "GET /admin/jsi18n/ HTTP/1.1" 200 16066
INFO 2023-10-20 22:51:26,498 basehttp 11772 18900 "GET /static/admin/js/SelectBox.js HTTP/1.1" 200 4530
INFO 2023-10-20 22:51:26,498 basehttp 11772 4076 "GET /static/admin/js/SelectFilter2.js HTTP/1.1" 200 15292
INFO 2023-10-20 22:51:26,498 basehttp 11772 14276 "GET /static/admin/js/calendar.js HTTP/1.1" 200 8466
INFO 2023-10-20 22:51:26,498 basehttp 11772 13504 "GET /static/admin/js/admin/DateTimeShortcuts.js HTTP/1.1" 200 19319
INFO 2023-10-20 22:51:26,639 basehttp 11772 18900 "GET /static/admin/img/icon-unknown-alt.svg HTTP/1.1" 200 655
INFO 2023-10-20 22:51:26,639 basehttp 11772 3036 "GET /static/admin/img/icon-clock.svg HTTP/1.1" 200 677
INFO 2023-10-20 22:51:26,639 basehttp 11772 14276 "GET /static/admin/img/icon-unknown.svg HTTP/1.1" 200 655
INFO 2023-10-20 22:51:26,640 basehttp 11772 4076 "GET /static/admin/img/icon-calendar.svg HTTP/1.1" 200 1086
INFO 2023-10-20 22:51:26,640 basehttp 11772 13504 "GET /static/admin/img/selector-icons.svg HTTP/1.1" 200 3291
INFO 2023-10-20 22:53:12,568 basehttp 11772 13504 "POST /admin/auth/user/2/change/ HTTP/1.1" 302 0
INFO 2023-10-20 22:53:12,585 basehttp 11772 13504 "GET /admin/auth/user/ HTTP/1.1" 200 11933
INFO 2023-10-20 22:53:12,619 basehttp 11772 13504 "GET /admin/jsi18n/ HTTP/1.1" 200 16066
INFO 2023-10-20 22:53:17,702 basehttp 11772 13504 "GET /admin/auth/group/ HTTP/1.1" 200 7641
INFO 2023-10-20 22:53:17,727 basehttp 11772 13504 "GET /admin/jsi18n/ HTTP/1.1" 200 16066
INFO 2023-10-20 22:53:21,388 basehttp 11772 13504 "GET /admin/auth/group/add/ HTTP/1.1" 200 13314
INFO 2023-10-20 22:53:21,414 basehttp 11772 13504 "GET /admin/jsi18n/ HTTP/1.1" 200 16066
INFO 2023-10-20 22:53:54,761 basehttp 11772 13504 "POST /admin/auth/group/add/ HTTP/1.1" 302 0
INFO 2023-10-20 22:53:54,776 basehttp 11772 13504 "GET /admin/auth/group/ HTTP/1.1" 200 9114
INFO 2023-10-20 22:53:54,799 basehttp 11772 13504 "GET /admin/jsi18n/ HTTP/1.1" 200 16066
INFO 2023-10-20 22:53:58,160 basehttp 11772 13504 "GET /admin/auth/user/ HTTP/1.1" 200 12019
INFO 2023-10-20 22:53:58,186 basehttp 11772 13504 "GET /admin/jsi18n/ HTTP/1.1" 200 16066
INFO 2023-10-20 22:54:02,520 basehttp 11772 13504 "GET /admin/auth/user/2/change/ HTTP/1.1" 200 23717
INFO 2023-10-20 22:54:02,547 basehttp 11772 13504 "GET /admin/jsi18n/ HTTP/1.1" 200 16066
INFO 2023-10-20 22:54:09,990 basehttp 11772 13504 "POST /admin/auth/user/2/change/ HTTP/1.1" 302 0
INFO 2023-10-20 22:54:10,006 basehttp 11772 13504 "GET /admin/auth/user/ HTTP/1.1" 200 12239
INFO 2023-10-20 22:54:10,032 basehttp 11772 13504 "GET /admin/jsi18n/ HTTP/1.1" 200 16066
INFO 2023-10-20 22:54:15,510 basehttp 11772 13504 "POST /admin/logout/ HTTP/1.1" 200 3709
INFO 2023-10-20 22:54:17,243 basehttp 11772 13504 "GET /admin/ HTTP/1.1" 302 0
INFO 2023-10-20 22:54:17,251 basehttp 11772 13504 "GET /admin/login/?next=/admin/ HTTP/1.1" 200 4267
INFO 2023-10-20 22:54:29,389 basehttp 11772 13504 "POST /admin/login/?next=/admin/ HTTP/1.1" 200 4533
INFO 2023-10-20 22:54:46,276 basehttp 11772 13504 "POST /admin/login/?next=/admin/ HTTP/1.1" 200 4533
INFO 2023-10-20 22:55:00,544 basehttp 11772 13504 "POST /admin/login/?next=/admin/ HTTP/1.1" 200 4533
INFO 2023-10-20 22:55:24,781 basehttp 11772 9792 "POST /admin/login/?next=/admin/ HTTP/1.1" 200 4533
INFO 2023-10-20 22:59:55,376 autoreload 21236 10540 Watching for file changes with StatReloader
INFO 2023-10-20 23:00:05,126 basehttp 21236 11452 "POST /admin/login/?next=/admin/ HTTP/1.1" 302 0
INFO 2023-10-20 23:00:05,166 basehttp 21236 11452 "GET /admin/ HTTP/1.1" 200 8204
INFO 2023-10-20 23:01:20,670 autoreload 21236 10540 F:\Django_projects\Django_lessons\myproject\myapp3\admin.py changed, reloading.
INFO 2023-10-20 23:01:21,149 autoreload 12616 8432 Watching for file changes with StatReloader
INFO 2023-10-20 23:02:05,068 autoreload 12616 8432 F:\Django_projects\Django_lessons\myproject\myapp3\admin.py changed, reloading.
INFO 2023-10-20 23:02:05,533 autoreload 14692 9512 Watching for file changes with StatReloader
INFO 2023-10-20 23:02:14,922 basehttp 14692 7140 "GET /admin/ HTTP/1.1" 200 9319
INFO 2023-10-20 23:38:52,455 basehttp 14692 18464 "GET /admin/auth/user/ HTTP/1.1" 200 13713
INFO 2023-10-20 23:38:52,490 basehttp 14692 18464 "GET /admin/jsi18n/ HTTP/1.1" 200 16066
INFO 2023-10-20 23:38:55,225 basehttp 14692 18464 "GET /admin/auth/user/2/change/ HTTP/1.1" 200 25970
INFO 2023-10-20 23:38:55,248 basehttp 14692 18464 "GET /admin/jsi18n/ HTTP/1.1" 200 16066
INFO 2023-10-20 23:39:20,289 basehttp 14692 18464 "GET /admin/myapp3/post/ HTTP/1.1" 200 31590
INFO 2023-10-20 23:39:20,316 basehttp 14692 18464 "GET /admin/jsi18n/ HTTP/1.1" 200 16066
INFO 2023-10-20 23:39:35,379 basehttp 14692 18464 "GET /admin/myapp5/category/ HTTP/1.1" 200 8980
INFO 2023-10-20 23:39:35,403 basehttp 14692 18464 "GET /admin/jsi18n/ HTTP/1.1" 200 16066
INFO 2023-10-20 23:39:37,329 basehttp 14692 18464 "GET /admin/myapp5/category/add/ HTTP/1.1" 200 9821
INFO 2023-10-20 23:39:37,355 basehttp 14692 18464 "GET /admin/jsi18n/ HTTP/1.1" 200 16066
INFO 2023-10-20 23:39:43,361 basehttp 14692 18464 "POST /admin/myapp5/category/add/ HTTP/1.1" 302 0
INFO 2023-10-20 23:39:43,376 basehttp 14692 18464 "GET /admin/myapp5/category/ HTTP/1.1" 200 10455
INFO 2023-10-20 23:39:43,403 basehttp 14692 18464 "GET /admin/jsi18n/ HTTP/1.1" 200 16066
INFO 2023-10-20 23:39:45,567 basehttp 14692 18464 "GET /admin/myapp5/category/add/ HTTP/1.1" 200 9821
INFO 2023-10-20 23:39:45,594 basehttp 14692 18464 "GET /admin/jsi18n/ HTTP/1.1" 200 16066
INFO 2023-10-20 23:39:49,880 basehttp 14692 18464 "POST /admin/myapp5/category/add/ HTTP/1.1" 302 0
INFO 2023-10-20 23:39:49,896 basehttp 14692 18464 "GET /admin/myapp5/category/ HTTP/1.1" 200 10662
INFO 2023-10-20 23:39:49,918 basehttp 14692 18464 "GET /admin/jsi18n/ HTTP/1.1" 200 16066
INFO 2023-10-20 23:39:51,203 basehttp 14692 18464 "GET /admin/myapp5/product/ HTTP/1.1" 200 8973
INFO 2023-10-20 23:39:51,229 basehttp 14692 18464 "GET /admin/jsi18n/ HTTP/1.1" 200 16066
INFO 2023-10-20 23:39:52,733 basehttp 14692 18464 "GET /admin/myapp5/product/add/ HTTP/1.1" 200 11675
INFO 2023-10-20 23:39:52,756 basehttp 14692 18464 "GET /admin/jsi18n/ HTTP/1.1" 200 16066
INFO 2023-10-20 23:39:52,818 basehttp 14692 18464 "GET /static/admin/img/icon-viewlink.svg HTTP/1.1" 200 581
INFO 2023-10-20 23:39:57,942 basehttp 14692 18464 "POST /admin/myapp5/product/add/ HTTP/1.1" 302 0
INFO 2023-10-20 23:39:57,957 basehttp 14692 18464 "GET /admin/myapp5/product/ HTTP/1.1" 200 10431
INFO 2023-10-20 23:39:57,983 basehttp 14692 18464 "GET /admin/jsi18n/ HTTP/1.1" 200 16066
INFO 2023-10-20 23:40:00,422 basehttp 14692 18464 "GET /admin/myapp5/product/add/ HTTP/1.1" 200 11675
INFO 2023-10-20 23:40:00,444 basehttp 14692 18464 "GET /admin/jsi18n/ HTTP/1.1" 200 16066
INFO 2023-10-20 23:40:11,756 basehttp 14692 18464 "POST /admin/myapp5/product/add/ HTTP/1.1" 302 0
INFO 2023-10-20 23:40:11,770 basehttp 14692 18464 "GET /admin/myapp5/product/ HTTP/1.1" 200 10651
INFO 2023-10-20 23:40:11,799 basehttp 14692 18464 "GET /admin/jsi18n/ HTTP/1.1" 200 16066
INFO 2023-10-20 23:40:13,425 basehttp 14692 18464 "GET /admin/myapp5/product/add/ HTTP/1.1" 200 11675
INFO 2023-10-20 23:40:13,450 basehttp 14692 18464 "GET /admin/jsi18n/ HTTP/1.1" 200 16066
INFO 2023-10-20 23:40:18,459 basehttp 14692 18464 "GET /admin/myapp5/category/add/?_to_field=id&_popup=1 HTTP/1.1" 200 4478
INFO 2023-10-20 23:40:18,479 basehttp 14692 18464 "GET /admin/jsi18n/ HTTP/1.1" 200 16066
INFO 2023-10-20 23:40:23,161 basehttp 14692 18464 "POST /admin/myapp5/category/add/?_to_field=id&_popup=1 HTTP/1.1" 200 403
INFO 2023-10-20 23:40:23,193 basehttp 14692 18464 "GET /static/admin/js/popup_response.js HTTP/1.1" 200 551
INFO 2023-10-20 23:40:24,426 basehttp 14692 18464 "POST /admin/myapp5/product/add/ HTTP/1.1" 302 0
INFO 2023-10-20 23:40:24,442 basehttp 14692 18464 "GET /admin/myapp5/product/ HTTP/1.1" 200 10856
INFO 2023-10-20 23:40:24,469 basehttp 14692 18464 "GET /admin/jsi18n/ HTTP/1.1" 200 16066
INFO 2023-10-20 23:40:34,051 basehttp 14692 18464 "GET /admin/myapp5/product/add/ HTTP/1.1" 200 11720
INFO 2023-10-20 23:40:34,073 basehttp 14692 18464 "GET /admin/jsi18n/ HTTP/1.1" 200 16066
INFO 2023-10-20 23:40:40,257 basehttp 14692 18464 "POST /admin/myapp5/product/add/ HTTP/1.1" 302 0
INFO 2023-10-20 23:40:40,272 basehttp 14692 18464 "GET /admin/myapp5/product/ HTTP/1.1" 200 11077
INFO 2023-10-20 23:40:40,299 basehttp 14692 18464 "GET /admin/jsi18n/ HTTP/1.1" 200 16066
INFO 2023-10-20 23:40:46,831 basehttp 14692 18464 "GET /admin/myapp5/product/1/change/ HTTP/1.1" 200 11936
INFO 2023-10-20 23:40:46,853 basehttp 14692 18464 "GET /admin/jsi18n/ HTTP/1.1" 200 16066
INFO 2023-10-20 23:40:48,523 basehttp 14692 18464 "GET /admin/myapp5/product/1/delete/ HTTP/1.1" 200 9027
INFO 2023-10-20 23:40:48,566 basehttp 14692 18464 "GET /static/admin/js/cancel.js HTTP/1.1" 200 884
INFO 2023-10-20 23:40:50,329 basehttp 14692 18464 "POST /admin/myapp5/product/1/delete/ HTTP/1.1" 302 0
INFO 2023-10-20 23:40:50,344 basehttp 14692 18464 "GET /admin/myapp5/product/ HTTP/1.1" 200 10816
INFO 2023-10-20 23:40:50,369 basehttp 14692 18464 "GET /admin/jsi18n/ HTTP/1.1" 200 16066
INFO 2023-10-20 23:43:32,061 autoreload 14692 9512 F:\Django_projects\Django_lessons\myproject\myapp5\models.py changed, reloading.
INFO 2023-10-20 23:43:32,587 autoreload 7888 5416 Watching for file changes with StatReloader
INFO 2023-10-20 23:43:48,035 autoreload 7888 5416 F:\Django_projects\Django_lessons\myproject\myapp5\models.py changed, reloading.
INFO 2023-10-20 23:43:48,516 autoreload 20152 9240 Watching for file changes with StatReloader
INFO 2023-10-20 23:46:24,715 autoreload 8268 20244 Watching for file changes with StatReloader
INFO 2023-10-20 23:46:28,713 basehttp 8268 14736 "GET /admin/myapp5/product/ HTTP/1.1" 200 10654
INFO 2023-10-20 23:46:28,738 basehttp 8268 14736 "GET /admin/jsi18n/ HTTP/1.1" 200 16066
INFO 2023-10-20 23:46:31,457 basehttp 8268 14736 "GET /admin/myapp5/product/4/change/ HTTP/1.1" 200 14492
INFO 2023-10-20 23:46:31,483 basehttp 8268 14736 "GET /admin/jsi18n/ HTTP/1.1" 200 16066
INFO 2023-10-20 23:46:44,505 basehttp 8268 14736 "POST /admin/myapp5/product/4/change/ HTTP/1.1" 302 0
INFO 2023-10-20 23:46:44,523 basehttp 8268 14736 "GET /admin/myapp5/product/ HTTP/1.1" 200 10872
INFO 2023-10-20 23:46:44,550 basehttp 8268 14736 "GET /admin/jsi18n/ HTTP/1.1" 200 16066
INFO 2023-10-20 23:47:40,712 autoreload 8268 20244 F:\Django_projects\Django_lessons\myproject\myapp5\admin.py changed, reloading.
INFO 2023-10-20 23:47:41,220 autoreload 9604 14888 Watching for file changes with StatReloader
INFO 2023-10-20 23:48:02,974 autoreload 9604 14888 F:\Django_projects\Django_lessons\myproject\myapp5\admin.py changed, reloading.
INFO 2023-10-20 23:48:03,446 autoreload 9744 2904 Watching for file changes with StatReloader
INFO 2023-10-20 23:48:15,002 autoreload 9744 2904 F:\Django_projects\Django_lessons\myproject\myapp5\admin.py changed, reloading.
INFO 2023-10-20 23:48:15,475 autoreload 8940 6336 Watching for file changes with StatReloader
INFO 2023-10-20 23:48:22,400 basehttp 8940 4432 "GET /admin/myapp5/product/ HTTP/1.1" 200 11194
INFO 2023-10-20 23:48:22,423 basehttp 8940 4432 "GET /admin/jsi18n/ HTTP/1.1" 200 16066
INFO 2023-10-20 23:48:23,392 basehttp 8940 4432 "GET /admin/myapp5/product/4/change/ HTTP/1.1" 200 14492
INFO 2023-10-20 23:48:23,417 basehttp 8940 4432 "GET /admin/jsi18n/ HTTP/1.1" 200 16066
INFO 2023-10-20 23:48:24,449 basehttp 8940 4432 "GET /admin/myapp5/product/ HTTP/1.1" 200 11194
INFO 2023-10-20 23:48:33,929 basehttp 8940 4432 "GET /admin/myapp5/product/?o=2 HTTP/1.1" 200 11602
INFO 2023-10-20 23:48:33,951 basehttp 8940 4432 "GET /admin/jsi18n/ HTTP/1.1" 200 16066
INFO 2023-10-20 23:48:35,707 basehttp 8940 4432 "GET /admin/myapp5/product/?o=3.2 HTTP/1.1" 200 12092
INFO 2023-10-20 23:48:35,740 basehttp 8940 4432 "GET /admin/jsi18n/ HTTP/1.1" 200 16066
INFO 2023-10-20 23:48:38,084 basehttp 8940 4432 "GET /admin/myapp5/product/?o=1.3.2 HTTP/1.1" 200 12505
INFO 2023-10-20 23:48:38,104 basehttp 8940 4432 "GET /admin/jsi18n/ HTTP/1.1" 200 16066
INFO 2023-10-20 23:48:50,887 basehttp 8940 4432 "GET /admin/myapp5/product/?o=3.2 HTTP/1.1" 200 12092
INFO 2023-10-20 23:48:50,913 basehttp 8940 4432 "GET /admin/jsi18n/ HTTP/1.1" 200 16066
INFO 2023-10-20 23:48:52,439 basehttp 8940 4432 "GET /admin/myapp5/product/?o=3 HTTP/1.1" 200 11602
INFO 2023-10-20 23:48:52,460 basehttp 8940 4432 "GET /admin/jsi18n/ HTTP/1.1" 200 16066
INFO 2023-10-20 23:48:53,762 basehttp 8940 4432 "GET /admin/myapp5/product/?o= HTTP/1.1" 200 11294
INFO 2023-10-20 23:48:53,788 basehttp 8940 4432 "GET /admin/jsi18n/ HTTP/1.1" 200 16066
INFO 2023-10-20 23:49:30,500 autoreload 8940 6336 F:\Django_projects\Django_lessons\myproject\myapp5\admin.py changed, reloading.
INFO 2023-10-20 23:49:31,081 autoreload 12816 11828 Watching for file changes with StatReloader
INFO 2023-10-20 23:49:39,150 basehttp 12816 18908 "GET /admin/myapp5/product/ HTTP/1.1" 200 11984
INFO 2023-10-20 23:49:39,174 basehttp 12816 18908 "GET /admin/jsi18n/ HTTP/1.1" 200 16066
INFO 2023-10-20 23:50:13,403 autoreload 12816 11828 F:\Django_projects\Django_lessons\myproject\myapp5\admin.py changed, reloading.
INFO 2023-10-20 23:50:13,870 autoreload 6868 16992 Watching for file changes with StatReloader
INFO 2023-10-20 23:51:25,651 autoreload 6868 16992 F:\Django_projects\Django_lessons\myproject\myapp5\admin.py changed, reloading.
INFO 2023-10-20 23:51:26,159 autoreload 12456 11152 Watching for file changes with StatReloader
INFO 2023-10-20 23:51:27,547 basehttp 12456 17088 "GET /admin/myapp5/product/ HTTP/1.1" 200 13726
INFO 2023-10-20 23:51:27,570 basehttp 12456 17088 "GET /admin/jsi18n/ HTTP/1.1" 200 16066
INFO 2023-10-20 23:51:38,446 basehttp 12456 17088 "GET /admin/myapp5/product/2/change/ HTTP/1.1" 200 14484
INFO 2023-10-20 23:51:38,472 basehttp 12456 17088 "GET /admin/jsi18n/ HTTP/1.1" 200 16066
INFO 2023-10-20 23:52:07,700 basehttp 12456 17088 "POST /admin/myapp5/product/2/change/ HTTP/1.1" 302 0
INFO 2023-10-20 23:52:07,717 basehttp 12456 17088 "GET /admin/myapp5/product/ HTTP/1.1" 200 14000
INFO 2023-10-20 23:52:07,743 basehttp 12456 17088 "GET /admin/jsi18n/ HTTP/1.1" 200 16066
INFO 2023-10-20 23:52:14,595 basehttp 12456 17088 "GET /admin/myapp5/product/?q=%D1%81%D0%BB%D0%B0%D0%B4%D0%BA%D0%B8%D0%B9 HTTP/1.1" 200 14271
INFO 2023-10-20 23:52:14,622 basehttp 12456 17088 "GET /admin/jsi18n/ HTTP/1.1" 200 16066
INFO 2023-10-20 23:52:26,239 basehttp 12456 17088 "GET /admin/myapp5/product/ HTTP/1.1" 200 13784
INFO 2023-10-20 23:52:26,263 basehttp 12456 17088 "GET /admin/jsi18n/ HTTP/1.1" 200 16066
INFO 2023-10-20 23:53:30,227 autoreload 12456 11152 F:\Django_projects\Django_lessons\myproject\myapp5\admin.py changed, reloading.
INFO 2023-10-20 23:53:30,783 autoreload 8544 19628 Watching for file changes with StatReloader
INFO 2023-10-20 23:53:40,878 basehttp 8544 18884 "GET /admin/myapp5/product/ HTTP/1.1" 200 13784
INFO 2023-10-20 23:53:40,907 basehttp 8544 18884 "GET /admin/jsi18n/ HTTP/1.1" 200 16066
INFO 2023-10-20 23:53:43,504 basehttp 8544 18884 "GET /admin/myapp5/product/3/change/ HTTP/1.1" 200 14468
INFO 2023-10-20 23:53:43,530 basehttp 8544 18884 "GET /admin/jsi18n/ HTTP/1.1" 200 16066
INFO 2023-10-20 23:53:50,660 basehttp 8544 18884 "POST /admin/myapp5/product/3/change/ HTTP/1.1" 302 0
INFO 2023-10-20 23:53:50,680 basehttp 8544 18884 "GET /admin/myapp5/product/ HTTP/1.1" 200 13993
INFO 2023-10-20 23:53:50,705 basehttp 8544 18884 "GET /admin/jsi18n/ HTTP/1.1" 200 16066
INFO 2023-10-20 23:53:58,236 basehttp 8544 18884 "GET /admin/myapp5/product/3/change/ HTTP/1.1" 200 14467
INFO 2023-10-20 23:53:58,261 basehttp 8544 18884 "GET /admin/jsi18n/ HTTP/1.1" 200 16066
INFO 2023-10-20 23:54:01,209 basehttp 8544 18884 "POST /admin/myapp5/product/3/change/ HTTP/1.1" 302 0
INFO 2023-10-20 23:54:01,227 basehttp 8544 18884 "GET /admin/myapp5/product/ HTTP/1.1" 200 13993
INFO 2023-10-20 23:54:01,250 basehttp 8544 18884 "GET /admin/jsi18n/ HTTP/1.1" 200 16066
INFO 2023-10-20 23:54:18,270 autoreload 8544 19628 F:\Django_projects\Django_lessons\myproject\myapp5\admin.py changed, reloading.
INFO 2023-10-20 23:54:18,777 autoreload 17016 21152 Watching for file changes with StatReloader
INFO 2023-10-20 23:54:24,116 basehttp 17016 13072 "GET /admin/myapp5/product/ HTTP/1.1" 200 13874
INFO 2023-10-20 23:54:24,141 basehttp 17016 13072 "GET /admin/jsi18n/ HTTP/1.1" 200 16066
INFO 2023-10-20 23:54:28,691 basehttp 17016 13072 "GET /admin/myapp5/product/2/change/ HTTP/1.1" 200 14510
INFO 2023-10-20 23:54:28,718 basehttp 17016 13072 "GET /admin/jsi18n/ HTTP/1.1" 200 16066
INFO 2023-10-20 23:54:31,116 basehttp 17016 13072 "GET /admin/myapp5/product/ HTTP/1.1" 200 13874
INFO 2023-10-20 23:54:36,864 basehttp 17016 13072 "POST /admin/myapp5/product/ HTTP/1.1" 302 0
INFO 2023-10-20 23:54:36,882 basehttp 17016 13072 "GET /admin/myapp5/product/ HTTP/1.1" 200 13872
INFO 2023-10-20 23:54:36,905 basehttp 17016 13072 "GET /admin/jsi18n/ HTTP/1.1" 200 16066
INFO 2023-10-20 23:56:36,104 autoreload 17016 21152 F:\Django_projects\Django_lessons\myproject\myapp5\admin.py changed, reloading.
INFO 2023-10-20 23:56:36,656 autoreload 1796 17388 Watching for file changes with StatReloader
INFO 2023-10-20 23:57:17,814 autoreload 1796 17388 F:\Django_projects\Django_lessons\myproject\myapp5\admin.py changed, reloading.
INFO 2023-10-20 23:57:18,360 autoreload 16572 10848 Watching for file changes with StatReloader
INFO 2023-10-20 23:57:20,092 basehttp 16572 18476 "GET /admin/myapp5/product/ HTTP/1.1" 200 13872
INFO 2023-10-20 23:57:20,124 basehttp 16572 18476 "GET /admin/jsi18n/ HTTP/1.1" 200 16066
INFO 2023-10-20 23:57:22,722 basehttp 16572 18476 "GET /admin/myapp5/product/2/change/ HTTP/1.1" 200 13732
INFO 2023-10-20 23:57:22,747 basehttp 16572 18476 "GET /admin/jsi18n/ HTTP/1.1" 200 16066
INFO 2023-10-20 23:58:28,307 autoreload 16572 10848 F:\Django_projects\Django_lessons\myproject\myapp5\admin.py changed, reloading.
INFO 2023-10-20 23:58:28,881 autoreload 4788 18616 Watching for file changes with StatReloader
INFO 2023-10-20 23:58:42,375 autoreload 4788 18616 F:\Django_projects\Django_lessons\myproject\myapp5\admin.py changed, reloading.
INFO 2023-10-20 23:58:42,855 autoreload 176 13980 Watching for file changes with StatReloader
INFO 2023-10-20 23:59:22,755 autoreload 176 13980 F:\Django_projects\Django_lessons\myproject\myapp5\admin.py changed, reloading.
INFO 2023-10-20 23:59:23,230 autoreload 8920 6192 Watching for file changes with StatReloader
INFO 2023-10-20 23:59:30,585 autoreload 8920 6192 F:\Django_projects\Django_lessons\myproject\myapp5\admin.py changed, reloading.
INFO 2023-10-20 23:59:31,047 autoreload 7884 20656 Watching for file changes with StatReloader
INFO 2023-10-20 23:59:35,348 autoreload 7884 20656 F:\Django_projects\Django_lessons\myproject\myapp5\admin.py changed, reloading.
INFO 2023-10-20 23:59:35,811 autoreload 5080 4008 Watching for file changes with StatReloader
INFO 2023-10-20 23:59:46,211 autoreload 5080 4008 F:\Django_projects\Django_lessons\myproject\myapp5\admin.py changed, reloading.
INFO 2023-10-20 23:59:46,717 autoreload 988 17696 Watching for file changes with StatReloader
INFO 2023-10-20 23:59:54,067 autoreload 988 17696 F:\Django_projects\Django_lessons\myproject\myapp5\admin.py changed, reloading.
INFO 2023-10-20 23:59:54,510 autoreload 8700 18916 Watching for file changes with StatReloader
INFO 2023-10-20 23:59:57,803 autoreload 8700 18916 F:\Django_projects\Django_lessons\myproject\myapp5\admin.py changed, reloading.
INFO 2023-10-20 23:59:58,297 autoreload 12456 11996 Watching for file changes with StatReloader
INFO 2023-10-21 00:00:02,616 autoreload 12456 11996 F:\Django_projects\Django_lessons\myproject\myapp5\admin.py changed, reloading.
INFO 2023-10-21 00:00:03,056 autoreload 1328 17644 Watching for file changes with StatReloader
INFO 2023-10-21 00:00:14,472 autoreload 1328 17644 F:\Django_projects\Django_lessons\myproject\myapp5\admin.py changed, reloading.
INFO 2023-10-21 00:00:14,918 autoreload 12988 21192 Watching for file changes with StatReloader
INFO 2023-10-21 00:00:23,287 autoreload 12988 21192 F:\Django_projects\Django_lessons\myproject\myapp5\admin.py changed, reloading.
INFO 2023-10-21 00:00:23,753 autoreload 21032 21280 Watching for file changes with StatReloader
INFO 2023-10-21 00:00:35,174 autoreload 21032 21280 F:\Django_projects\Django_lessons\myproject\myapp5\admin.py changed, reloading.
INFO 2023-10-21 00:00:35,614 autoreload 16704 11640 Watching for file changes with StatReloader
INFO 2023-10-21 00:00:38,907 autoreload 16704 11640 F:\Django_projects\Django_lessons\myproject\myapp5\admin.py changed, reloading.
INFO 2023-10-21 00:00:39,349 autoreload 19244 16868 Watching for file changes with StatReloader
INFO 2023-10-21 00:00:45,675 autoreload 19244 16868 F:\Django_projects\Django_lessons\myproject\myapp5\admin.py changed, reloading.
INFO 2023-10-21 00:00:46,194 autoreload 18068 16000 Watching for file changes with StatReloader
INFO 2023-10-21 00:01:34,199 autoreload 18068 16000 F:\Django_projects\Django_lessons\myproject\myapp5\admin.py changed, reloading.
INFO 2023-10-21 00:01:34,670 autoreload 6384 3896 Watching for file changes with StatReloader
INFO 2023-10-21 00:01:52,328 autoreload 6384 3896 F:\Django_projects\Django_lessons\myproject\myapp5\admin.py changed, reloading.
INFO 2023-10-21 00:01:52,820 autoreload 6336 11744 Watching for file changes with StatReloader
INFO 2023-10-21 00:01:58,268 autoreload 6336 11744 F:\Django_projects\Django_lessons\myproject\myapp5\admin.py changed, reloading.
INFO 2023-10-21 00:01:58,771 autoreload 18128 9512 Watching for file changes with StatReloader
INFO 2023-10-21 00:02:23,784 basehttp 18128 2052 "GET /admin/myapp5/product/2/change/ HTTP/1.1" 200 15645
INFO 2023-10-21 00:02:23,809 basehttp 18128 2052 "GET /admin/jsi18n/ HTTP/1.1" 200 16066
INFO 2023-10-21 00:02:23,860 basehttp 18128 15304 "GET /static/admin/js/collapse.js HTTP/1.1" 200 1803
INFO 2023-10-21 00:02:35,314 basehttp 18128 15304 "POST /admin/myapp5/product/2/change/ HTTP/1.1" 302 0
INFO 2023-10-21 00:02:35,347 basehttp 18128 15304 "GET /admin/myapp5/product/ HTTP/1.1" 200 14088
INFO 2023-10-21 00:02:35,370 basehttp 18128 15304 "GET /admin/jsi18n/ HTTP/1.1" 200 16066
INFO 2023-10-21 00:03:26,929 basehttp 18128 15304 "GET / HTTP/1.1" 200 310
INFO 2023-10-21 20:01:38,331 autoreload 6624 6292 Watching for file changes with StatReloader
INFO 2023-10-21 20:01:55,358 basehttp 6624 14512 "GET / HTTP/1.1" 200 10086
INFO 2023-10-21 20:01:55,383 basehttp 6624 14512 "GET /static/debug_toolbar/css/toolbar.css HTTP/1.1" 200 12621
INFO 2023-10-21 20:01:55,394 basehttp 6624 13136 "GET /static/debug_toolbar/js/toolbar.js HTTP/1.1" 200 13404
INFO 2023-10-21 20:01:55,403 basehttp 6624 13136 "GET /static/debug_toolbar/css/print.css HTTP/1.1" 200 43
INFO 2023-10-21 20:01:55,425 basehttp 6624 13136 "GET /static/debug_toolbar/js/utils.js HTTP/1.1" 200 4527
WARNING 2023-10-21 20:01:55,698 log 6624 13136 Not Found: /favicon.ico
WARNING 2023-10-21 20:01:55,698 basehttp 6624 13136 "GET /favicon.ico HTTP/1.1" 404 12406
INFO 2023-10-21 20:02:17,997 basehttp 6624 13136 "GET /__debug__/render_panel/?store_id=29e7748af5774c33ba7c742ce549868f&panel_id=HistoryPanel HTTP/1.1" 200 4150
INFO 2023-10-21 20:02:18,019 basehttp 6624 13136 "GET /static/debug_toolbar/js/history.js HTTP/1.1" 200 3330
INFO 2023-10-21 20:02:30,822 basehttp 6624 13136 "GET /__debug__/render_panel/?store_id=29e7748af5774c33ba7c742ce549868f&panel_id=VersionsPanel HTTP/1.1" 200 760
INFO 2023-10-21 20:02:43,851 basehttp 6624 13136 "GET /__debug__/render_panel/?store_id=29e7748af5774c33ba7c742ce549868f&panel_id=SettingsPanel HTTP/1.1" 200 26875
INFO 2023-10-21 20:02:58,161 basehttp 6624 13136 "GET /__debug__/render_panel/?store_id=29e7748af5774c33ba7c742ce549868f&panel_id=HeadersPanel HTTP/1.1" 200 5355
INFO 2023-10-21 20:03:25,257 basehttp 6624 13136 "GET /__debug__/render_panel/?store_id=29e7748af5774c33ba7c742ce549868f&panel_id=RequestPanel HTTP/1.1" 200 2373
INFO 2023-10-21 20:03:50,163 basehttp 6624 13136 "GET /__debug__/render_panel/?store_id=29e7748af5774c33ba7c742ce549868f&panel_id=SQLPanel HTTP/1.1" 200 26431
INFO 2023-10-21 20:04:23,657 basehttp 6624 13136 "GET /__debug__/render_panel/?store_id=29e7748af5774c33ba7c742ce549868f&panel_id=StaticFilesPanel HTTP/1.1" 200 30655
INFO 2023-10-21 20:04:52,611 basehttp 6624 13136 "GET /__debug__/render_panel/?store_id=29e7748af5774c33ba7c742ce549868f&panel_id=TemplatesPanel HTTP/1.1" 200 5743
INFO 2023-10-21 20:05:06,602 basehttp 6624 13136 "GET /__debug__/render_panel/?store_id=29e7748af5774c33ba7c742ce549868f&panel_id=CachePanel HTTP/1.1" 200 1737
INFO 2023-10-21 20:05:20,782 basehttp 6624 13136 "GET /__debug__/render_panel/?store_id=29e7748af5774c33ba7c742ce549868f&panel_id=SignalsPanel HTTP/1.1" 200 2265
INFO 2023-10-21 20:06:25,490 basehttp 6624 13136 "GET /les4/user/ HTTP/1.1" 200 11156
INFO 2023-10-21 20:06:40,416 basehttp 6624 13136 "GET /__debug__/render_panel/?store_id=b94175733959403cb4b3cbd999884c25&panel_id=SignalsPanel HTTP/1.1" 200 2310
INFO 2023-10-21 20:06:44,306 basehttp 6624 13136 "GET /__debug__/render_panel/?store_id=b94175733959403cb4b3cbd999884c25&panel_id=ProfilingPanel HTTP/1.1" 200 35846
INFO 2023-10-21 20:27:23,662 autoreload 6596 16896 Watching for file changes with StatReloader
WARNING 2023-10-21 20:27:38,087 log 6596 18472 Not Found: /les6
WARNING 2023-10-21 20:27:38,088 basehttp 6596 18472 "GET /les6 HTTP/1.1" 404 12926
WARNING 2023-10-21 20:27:56,832 log 6596 18472 Not Found: /les6/
WARNING 2023-10-21 20:27:56,832 basehttp 6596 18472 "GET /les6/ HTTP/1.1" 404 13339
INFO 2023-10-21 20:28:01,926 basehttp 6596 18472 "GET /les6/db HTTP/1.1" 200 10827
INFO 2023-10-21 20:28:01,961 basehttp 6596 15244 "GET /static/debug_toolbar/js/redirect.js HTTP/1.1" 200 48
INFO 2023-10-21 20:28:13,330 basehttp 6596 15244 "GET /les6/db/ HTTP/1.1" 200 10654
INFO 2023-10-21 20:28:48,119 basehttp 6596 15244 "GET /__debug__/render_panel/?store_id=6a65747e2c154f34b3dc38e7c5688f97&panel_id=RequestPanel HTTP/1.1" 200 2591
INFO 2023-10-21 20:29:13,759 basehttp 6596 15244 "GET /les6/view/ HTTP/1.1" 200 10639
INFO 2023-10-21 20:29:22,749 basehttp 6596 15244 "GET /__debug__/render_panel/?store_id=d4ea3dcafd864b8fb8fbf3d2590cbcf4&panel_id=RequestPanel HTTP/1.1" 200 2595
INFO 2023-10-21 20:29:29,119 basehttp 6596 15244 "GET /__debug__/render_panel/?store_id=d4ea3dcafd864b8fb8fbf3d2590cbcf4&panel_id=ProfilingPanel HTTP/1.1" 200 41305
INFO 2023-10-21 20:30:02,516 basehttp 6596 15244 "GET /les6/template/ HTTP/1.1" 200 10614
WARNING 2023-10-21 20:30:26,655 log 6596 15244 Not Found: /les6/
WARNING 2023-10-21 20:30:26,655 basehttp 6596 15244 "GET /les6/ HTTP/1.1" 404 13339
INFO 2023-10-21 20:30:33,229 basehttp 6596 15244 "GET /les6/template HTTP/1.1" 200 10845
INFO 2023-10-21 20:30:34,585 basehttp 6596 15252 "GET /les6/template/ HTTP/1.1" 200 10614
INFO 2023-10-21 20:36:30,414 autoreload 6596 16896 F:\Django_projects\Django_lessons\myproject\myproject\settings.py changed, reloading.
